2016-09-02 11:05:29,568 INFO     5587-calvin.calvin.runtime.north.authentication.authentication: Missing or incomplete security config
2016-09-02 11:05:29,660 INFO     5587-calvin.calvin.calvinsys: Module 'calvinsys.web.twitter' not available: No module named tweepy
2016-09-02 11:05:30,190 INFO     5587-calvin.calvin.calvinsys: Module 'calvinsys.sensors.distance' not available: cannot import name distance
2016-09-02 11:05:30,193 INFO     5587-calvin.calvin.calvinsys: Module 'calvinsys.sensors.rotary_encoder' not available: cannot import name rotary_encoder
2016-09-02 11:05:30,198 INFO     5587-calvin.calvin.calvinsys: Module 'calvinsys.media.image' not available: No module named pygame
2016-09-02 11:05:30,223 INFO     5587-calvin.calvin.calvinsys: Module 'calvinsys.sensors.environmental' not available: cannot import name environmental
2016-09-02 11:05:30,228 INFO     5587-calvin.calvin.calvinsys: Module 'calvinsys.media.mediaplayer' not available: No module named pygame
2016-09-02 11:05:30,236 INFO     5587-calvin.calvin.calvinsys: Module 'calvinsys.io.gpiohandler' not available: cannot import name gpiopin
2016-09-02 11:05:30,241 INFO     5587-calvin.calvin.calvinsys: Module 'calvinsys.media.camerahandler' not available: No module named pygame
2016-09-02 11:05:30,637 INFO     5587-calvin.calvin.runtime.north.calvincontrol: Control API listening on: 192.168.1.141:5001
2016-09-02 11:05:31,610 INFO     5587-calvin.calvin.calvinsys.network.httpclienthandler: Started HTTPClientHandler
2016-09-02 11:05:32,560 INFO     5587-calvin.StandardOut: StandardOut<08506629-cd32-4457-891a-277f0b6c3099>: 5
2016-09-02 11:05:32,660 INFO     5587-calvin.StandardOut: StandardOut<08506629-cd32-4457-891a-277f0b6c3099>: 6
2016-09-02 11:05:32,760 INFO     5587-calvin.StandardOut: StandardOut<08506629-cd32-4457-891a-277f0b6c3099>: 7
2016-09-02 11:05:32,860 INFO     5587-calvin.StandardOut: StandardOut<08506629-cd32-4457-891a-277f0b6c3099>: 8
2016-09-02 11:05:32,960 INFO     5587-calvin.StandardOut: StandardOut<08506629-cd32-4457-891a-277f0b6c3099>: 9
2016-09-02 11:05:33,061 INFO     5587-calvin.StandardOut: StandardOut<08506629-cd32-4457-891a-277f0b6c3099>: 10
2016-09-02 11:05:33,161 INFO     5587-calvin.StandardOut: StandardOut<08506629-cd32-4457-891a-277f0b6c3099>: 11
2016-09-02 11:05:33,261 INFO     5587-calvin.StandardOut: StandardOut<08506629-cd32-4457-891a-277f0b6c3099>: 12
2016-09-02 11:05:33,361 INFO     5587-calvin.StandardOut: StandardOut<08506629-cd32-4457-891a-277f0b6c3099>: 13
2016-09-02 11:05:33,461 INFO     5587-calvin.StandardOut: StandardOut<08506629-cd32-4457-891a-277f0b6c3099>: 14
2016-09-02 11:05:33,561 INFO     5587-calvin.StandardOut: StandardOut<08506629-cd32-4457-891a-277f0b6c3099>: 15
2016-09-02 11:05:33,661 INFO     5587-calvin.StandardOut: StandardOut<08506629-cd32-4457-891a-277f0b6c3099>: 16
2016-09-02 11:05:33,761 INFO     5587-calvin.StandardOut: StandardOut<08506629-cd32-4457-891a-277f0b6c3099>: 17
2016-09-02 11:05:33,862 INFO     5587-calvin.StandardOut: StandardOut<08506629-cd32-4457-891a-277f0b6c3099>: 18
2016-09-02 11:05:33,962 INFO     5587-calvin.StandardOut: StandardOut<08506629-cd32-4457-891a-277f0b6c3099>: 19
2016-09-02 11:05:34,062 INFO     5587-calvin.StandardOut: StandardOut<08506629-cd32-4457-891a-277f0b6c3099>: 20
2016-09-02 11:05:34,162 INFO     5587-calvin.StandardOut: StandardOut<08506629-cd32-4457-891a-277f0b6c3099>: 21
2016-09-02 11:05:34,262 INFO     5587-calvin.StandardOut: StandardOut<08506629-cd32-4457-891a-277f0b6c3099>: 22
2016-09-02 11:05:34,362 INFO     5587-calvin.StandardOut: StandardOut<08506629-cd32-4457-891a-277f0b6c3099>: 23
2016-09-02 11:05:34,462 INFO     5587-calvin.StandardOut: StandardOut<08506629-cd32-4457-891a-277f0b6c3099>: 24
2016-09-02 11:05:34,562 INFO     5587-calvin.StandardOut: StandardOut<08506629-cd32-4457-891a-277f0b6c3099>: 25
2016-09-02 11:05:34,663 INFO     5587-calvin.StandardOut: StandardOut<08506629-cd32-4457-891a-277f0b6c3099>: 26
2016-09-02 11:05:34,763 INFO     5587-calvin.StandardOut: StandardOut<08506629-cd32-4457-891a-277f0b6c3099>: 27
2016-09-02 11:05:34,863 INFO     5587-calvin.StandardOut: StandardOut<08506629-cd32-4457-891a-277f0b6c3099>: 28
2016-09-02 11:05:34,963 INFO     5587-calvin.StandardOut: StandardOut<08506629-cd32-4457-891a-277f0b6c3099>: 29
2016-09-02 11:05:35,063 INFO     5587-calvin.StandardOut: StandardOut<08506629-cd32-4457-891a-277f0b6c3099>: 30
2016-09-02 11:05:35,163 INFO     5587-calvin.StandardOut: StandardOut<08506629-cd32-4457-891a-277f0b6c3099>: 31
2016-09-02 11:05:35,263 INFO     5587-calvin.StandardOut: StandardOut<08506629-cd32-4457-891a-277f0b6c3099>: 32
2016-09-02 11:05:35,363 INFO     5587-calvin.StandardOut: StandardOut<08506629-cd32-4457-891a-277f0b6c3099>: 33
2016-09-02 11:05:35,463 INFO     5587-calvin.StandardOut: StandardOut<08506629-cd32-4457-891a-277f0b6c3099>: 34
2016-09-02 11:05:35,564 INFO     5587-calvin.StandardOut: StandardOut<08506629-cd32-4457-891a-277f0b6c3099>: 35
2016-09-02 11:05:35,664 INFO     5587-calvin.StandardOut: StandardOut<08506629-cd32-4457-891a-277f0b6c3099>: 36
2016-09-02 11:05:35,764 INFO     5587-calvin.StandardOut: StandardOut<08506629-cd32-4457-891a-277f0b6c3099>: 37
2016-09-02 11:05:35,864 INFO     5587-calvin.StandardOut: StandardOut<08506629-cd32-4457-891a-277f0b6c3099>: 38
2016-09-02 11:05:35,964 INFO     5587-calvin.StandardOut: StandardOut<08506629-cd32-4457-891a-277f0b6c3099>: 39
2016-09-02 11:05:36,064 INFO     5587-calvin.StandardOut: StandardOut<08506629-cd32-4457-891a-277f0b6c3099>: 40
2016-09-02 11:05:36,164 INFO     5587-calvin.StandardOut: StandardOut<08506629-cd32-4457-891a-277f0b6c3099>: 41
2016-09-02 11:05:36,264 INFO     5587-calvin.StandardOut: StandardOut<08506629-cd32-4457-891a-277f0b6c3099>: 42
2016-09-02 11:05:36,365 INFO     5587-calvin.StandardOut: StandardOut<08506629-cd32-4457-891a-277f0b6c3099>: 43
2016-09-02 11:05:36,465 INFO     5587-calvin.StandardOut: StandardOut<08506629-cd32-4457-891a-277f0b6c3099>: 44
2016-09-02 11:05:36,565 INFO     5587-calvin.StandardOut: StandardOut<08506629-cd32-4457-891a-277f0b6c3099>: 45
2016-09-02 11:05:36,669 INFO     5587-calvin.StandardOut: StandardOut<08506629-cd32-4457-891a-277f0b6c3099>: 46
2016-09-02 11:05:36,769 INFO     5587-calvin.StandardOut: StandardOut<08506629-cd32-4457-891a-277f0b6c3099>: 47
2016-09-02 11:05:36,869 INFO     5587-calvin.StandardOut: StandardOut<08506629-cd32-4457-891a-277f0b6c3099>: 48
2016-09-02 11:05:36,970 INFO     5587-calvin.StandardOut: StandardOut<08506629-cd32-4457-891a-277f0b6c3099>: 49
2016-09-02 11:05:37,070 INFO     5587-calvin.StandardOut: StandardOut<08506629-cd32-4457-891a-277f0b6c3099>: 50
2016-09-02 11:05:37,170 INFO     5587-calvin.StandardOut: StandardOut<08506629-cd32-4457-891a-277f0b6c3099>: 51
2016-09-02 11:05:37,270 INFO     5587-calvin.StandardOut: StandardOut<08506629-cd32-4457-891a-277f0b6c3099>: 52
2016-09-02 11:05:37,370 INFO     5587-calvin.StandardOut: StandardOut<08506629-cd32-4457-891a-277f0b6c3099>: 53
2016-09-02 11:05:37,471 INFO     5587-calvin.StandardOut: StandardOut<08506629-cd32-4457-891a-277f0b6c3099>: 54
2016-09-02 11:05:37,571 INFO     5587-calvin.StandardOut: StandardOut<08506629-cd32-4457-891a-277f0b6c3099>: 55
2016-09-02 11:05:37,671 INFO     5587-calvin.StandardOut: StandardOut<08506629-cd32-4457-891a-277f0b6c3099>: 56
2016-09-02 11:05:37,771 INFO     5587-calvin.StandardOut: StandardOut<08506629-cd32-4457-891a-277f0b6c3099>: 57
2016-09-02 11:05:37,871 INFO     5587-calvin.StandardOut: StandardOut<08506629-cd32-4457-891a-277f0b6c3099>: 58
2016-09-02 11:05:37,972 INFO     5587-calvin.StandardOut: StandardOut<08506629-cd32-4457-891a-277f0b6c3099>: 59
2016-09-02 11:05:38,072 INFO     5587-calvin.StandardOut: StandardOut<08506629-cd32-4457-891a-277f0b6c3099>: 60
2016-09-02 11:05:38,172 INFO     5587-calvin.StandardOut: StandardOut<08506629-cd32-4457-891a-277f0b6c3099>: 61
2016-09-02 11:05:38,272 INFO     5587-calvin.StandardOut: StandardOut<08506629-cd32-4457-891a-277f0b6c3099>: 62
2016-09-02 11:05:38,372 INFO     5587-calvin.StandardOut: StandardOut<08506629-cd32-4457-891a-277f0b6c3099>: 63
2016-09-02 11:05:38,473 INFO     5587-calvin.StandardOut: StandardOut<08506629-cd32-4457-891a-277f0b6c3099>: 64
2016-09-02 11:05:38,573 INFO     5587-calvin.StandardOut: StandardOut<08506629-cd32-4457-891a-277f0b6c3099>: 65
2016-09-02 11:05:38,673 INFO     5587-calvin.StandardOut: StandardOut<08506629-cd32-4457-891a-277f0b6c3099>: 66
2016-09-02 11:05:38,773 INFO     5587-calvin.StandardOut: StandardOut<08506629-cd32-4457-891a-277f0b6c3099>: 67
2016-09-02 11:05:38,873 INFO     5587-calvin.StandardOut: StandardOut<08506629-cd32-4457-891a-277f0b6c3099>: 68
2016-09-02 11:05:38,974 INFO     5587-calvin.StandardOut: StandardOut<08506629-cd32-4457-891a-277f0b6c3099>: 69
2016-09-02 11:05:39,074 INFO     5587-calvin.StandardOut: StandardOut<08506629-cd32-4457-891a-277f0b6c3099>: 70
2016-09-02 11:05:39,174 INFO     5587-calvin.StandardOut: StandardOut<08506629-cd32-4457-891a-277f0b6c3099>: 71
2016-09-02 11:05:39,274 INFO     5587-calvin.StandardOut: StandardOut<08506629-cd32-4457-891a-277f0b6c3099>: 72
2016-09-02 11:05:39,375 INFO     5587-calvin.StandardOut: StandardOut<08506629-cd32-4457-891a-277f0b6c3099>: 73
2016-09-02 11:05:39,475 INFO     5587-calvin.StandardOut: StandardOut<08506629-cd32-4457-891a-277f0b6c3099>: 74
2016-09-02 11:05:39,575 INFO     5587-calvin.StandardOut: StandardOut<08506629-cd32-4457-891a-277f0b6c3099>: 75
2016-09-02 11:05:39,675 INFO     5587-calvin.StandardOut: StandardOut<08506629-cd32-4457-891a-277f0b6c3099>: 76
2016-09-02 11:05:39,776 INFO     5587-calvin.StandardOut: StandardOut<08506629-cd32-4457-891a-277f0b6c3099>: 77
2016-09-02 11:05:39,876 INFO     5587-calvin.StandardOut: StandardOut<08506629-cd32-4457-891a-277f0b6c3099>: 78
2016-09-02 11:05:39,976 INFO     5587-calvin.StandardOut: StandardOut<08506629-cd32-4457-891a-277f0b6c3099>: 79
2016-09-02 11:05:40,076 INFO     5587-calvin.StandardOut: StandardOut<08506629-cd32-4457-891a-277f0b6c3099>: 80
2016-09-02 11:05:40,177 INFO     5587-calvin.StandardOut: StandardOut<08506629-cd32-4457-891a-277f0b6c3099>: 81
2016-09-02 11:05:40,277 INFO     5587-calvin.StandardOut: StandardOut<08506629-cd32-4457-891a-277f0b6c3099>: 82
2016-09-02 11:05:40,377 INFO     5587-calvin.StandardOut: StandardOut<08506629-cd32-4457-891a-277f0b6c3099>: 83
2016-09-02 11:05:40,477 INFO     5587-calvin.StandardOut: StandardOut<08506629-cd32-4457-891a-277f0b6c3099>: 84
2016-09-02 11:05:40,577 INFO     5587-calvin.StandardOut: StandardOut<08506629-cd32-4457-891a-277f0b6c3099>: 85
2016-09-02 11:05:40,677 INFO     5587-calvin.StandardOut: StandardOut<08506629-cd32-4457-891a-277f0b6c3099>: 86
2016-09-02 11:05:40,778 INFO     5587-calvin.StandardOut: StandardOut<08506629-cd32-4457-891a-277f0b6c3099>: 87
2016-09-02 11:05:40,878 INFO     5587-calvin.StandardOut: StandardOut<08506629-cd32-4457-891a-277f0b6c3099>: 88
2016-09-02 11:05:40,978 INFO     5587-calvin.StandardOut: StandardOut<08506629-cd32-4457-891a-277f0b6c3099>: 89
2016-09-02 11:05:41,079 INFO     5587-calvin.StandardOut: StandardOut<08506629-cd32-4457-891a-277f0b6c3099>: 90
2016-09-02 11:05:41,179 INFO     5587-calvin.StandardOut: StandardOut<08506629-cd32-4457-891a-277f0b6c3099>: 91
2016-09-02 11:05:41,279 INFO     5587-calvin.StandardOut: StandardOut<08506629-cd32-4457-891a-277f0b6c3099>: 92
2016-09-02 11:05:41,379 INFO     5587-calvin.StandardOut: StandardOut<08506629-cd32-4457-891a-277f0b6c3099>: 93
2016-09-02 11:05:41,480 INFO     5587-calvin.StandardOut: StandardOut<08506629-cd32-4457-891a-277f0b6c3099>: 94
2016-09-02 11:05:41,580 INFO     5587-calvin.StandardOut: StandardOut<08506629-cd32-4457-891a-277f0b6c3099>: 95
2016-09-02 11:05:41,680 INFO     5587-calvin.StandardOut: StandardOut<08506629-cd32-4457-891a-277f0b6c3099>: 96
2016-09-02 11:05:41,780 INFO     5587-calvin.StandardOut: StandardOut<08506629-cd32-4457-891a-277f0b6c3099>: 97
2016-09-02 11:05:41,880 INFO     5587-calvin.StandardOut: StandardOut<08506629-cd32-4457-891a-277f0b6c3099>: 98
2016-09-02 11:05:41,981 INFO     5587-calvin.StandardOut: StandardOut<08506629-cd32-4457-891a-277f0b6c3099>: 99
2016-09-02 11:05:42,081 INFO     5587-calvin.StandardOut: StandardOut<08506629-cd32-4457-891a-277f0b6c3099>: 100
2016-09-02 11:05:42,181 INFO     5587-calvin.StandardOut: StandardOut<08506629-cd32-4457-891a-277f0b6c3099>: 101
2016-09-02 11:05:42,281 INFO     5587-calvin.StandardOut: StandardOut<08506629-cd32-4457-891a-277f0b6c3099>: 102
2016-09-02 11:05:42,381 INFO     5587-calvin.StandardOut: StandardOut<08506629-cd32-4457-891a-277f0b6c3099>: 103
2016-09-02 11:05:42,482 INFO     5587-calvin.StandardOut: StandardOut<08506629-cd32-4457-891a-277f0b6c3099>: 104
2016-09-02 11:05:42,582 INFO     5587-calvin.StandardOut: StandardOut<08506629-cd32-4457-891a-277f0b6c3099>: 105
2016-09-02 11:05:42,682 INFO     5587-calvin.StandardOut: StandardOut<08506629-cd32-4457-891a-277f0b6c3099>: 106
2016-09-02 11:05:42,782 INFO     5587-calvin.StandardOut: StandardOut<08506629-cd32-4457-891a-277f0b6c3099>: 107
2016-09-02 11:05:42,883 INFO     5587-calvin.StandardOut: StandardOut<08506629-cd32-4457-891a-277f0b6c3099>: 108
2016-09-02 11:05:42,983 INFO     5587-calvin.StandardOut: StandardOut<08506629-cd32-4457-891a-277f0b6c3099>: 109
2016-09-02 11:05:43,083 INFO     5587-calvin.StandardOut: StandardOut<08506629-cd32-4457-891a-277f0b6c3099>: 110
2016-09-02 11:05:43,183 INFO     5587-calvin.StandardOut: StandardOut<08506629-cd32-4457-891a-277f0b6c3099>: 111
2016-09-02 11:05:43,283 INFO     5587-calvin.StandardOut: StandardOut<08506629-cd32-4457-891a-277f0b6c3099>: 112
2016-09-02 11:05:43,384 INFO     5587-calvin.StandardOut: StandardOut<08506629-cd32-4457-891a-277f0b6c3099>: 113
2016-09-02 11:05:43,484 INFO     5587-calvin.StandardOut: StandardOut<08506629-cd32-4457-891a-277f0b6c3099>: 114
2016-09-02 11:05:43,585 INFO     5587-calvin.StandardOut: StandardOut<08506629-cd32-4457-891a-277f0b6c3099>: 115
2016-09-02 11:05:43,685 INFO     5587-calvin.StandardOut: StandardOut<08506629-cd32-4457-891a-277f0b6c3099>: 116
2016-09-02 11:05:43,785 INFO     5587-calvin.StandardOut: StandardOut<08506629-cd32-4457-891a-277f0b6c3099>: 117
2016-09-02 11:05:43,885 INFO     5587-calvin.StandardOut: StandardOut<08506629-cd32-4457-891a-277f0b6c3099>: 118
2016-09-02 11:05:43,985 INFO     5587-calvin.StandardOut: StandardOut<08506629-cd32-4457-891a-277f0b6c3099>: 119
2016-09-02 11:05:44,085 INFO     5587-calvin.StandardOut: StandardOut<08506629-cd32-4457-891a-277f0b6c3099>: 120
2016-09-02 11:05:44,185 INFO     5587-calvin.StandardOut: StandardOut<08506629-cd32-4457-891a-277f0b6c3099>: 121
2016-09-02 11:05:44,285 INFO     5587-calvin.StandardOut: StandardOut<08506629-cd32-4457-891a-277f0b6c3099>: 122
2016-09-02 11:05:44,385 INFO     5587-calvin.StandardOut: StandardOut<08506629-cd32-4457-891a-277f0b6c3099>: 123
2016-09-02 11:05:44,486 INFO     5587-calvin.StandardOut: StandardOut<08506629-cd32-4457-891a-277f0b6c3099>: 124
2016-09-02 11:05:44,586 INFO     5587-calvin.StandardOut: StandardOut<08506629-cd32-4457-891a-277f0b6c3099>: 125
2016-09-02 11:05:44,686 INFO     5587-calvin.StandardOut: StandardOut<08506629-cd32-4457-891a-277f0b6c3099>: 126
2016-09-02 11:05:44,786 INFO     5587-calvin.StandardOut: StandardOut<08506629-cd32-4457-891a-277f0b6c3099>: 127
2016-09-02 11:05:44,886 INFO     5587-calvin.StandardOut: StandardOut<08506629-cd32-4457-891a-277f0b6c3099>: 128
2016-09-02 11:05:44,987 INFO     5587-calvin.StandardOut: StandardOut<08506629-cd32-4457-891a-277f0b6c3099>: 129
2016-09-02 11:05:45,087 INFO     5587-calvin.StandardOut: StandardOut<08506629-cd32-4457-891a-277f0b6c3099>: 130
2016-09-02 11:05:45,187 INFO     5587-calvin.StandardOut: StandardOut<08506629-cd32-4457-891a-277f0b6c3099>: 131
2016-09-02 11:05:45,287 INFO     5587-calvin.StandardOut: StandardOut<08506629-cd32-4457-891a-277f0b6c3099>: 132
2016-09-02 11:05:45,387 INFO     5587-calvin.StandardOut: StandardOut<08506629-cd32-4457-891a-277f0b6c3099>: 133
2016-09-02 11:05:45,487 INFO     5587-calvin.StandardOut: StandardOut<08506629-cd32-4457-891a-277f0b6c3099>: 134
2016-09-02 11:05:45,588 INFO     5587-calvin.StandardOut: StandardOut<08506629-cd32-4457-891a-277f0b6c3099>: 135
2016-09-02 11:05:45,688 INFO     5587-calvin.StandardOut: StandardOut<08506629-cd32-4457-891a-277f0b6c3099>: 136
2016-09-02 11:05:45,788 INFO     5587-calvin.StandardOut: StandardOut<08506629-cd32-4457-891a-277f0b6c3099>: 137
2016-09-02 11:05:45,888 INFO     5587-calvin.StandardOut: StandardOut<08506629-cd32-4457-891a-277f0b6c3099>: 138
2016-09-02 11:05:45,988 INFO     5587-calvin.StandardOut: StandardOut<08506629-cd32-4457-891a-277f0b6c3099>: 139
2016-09-02 11:05:46,089 INFO     5587-calvin.StandardOut: StandardOut<08506629-cd32-4457-891a-277f0b6c3099>: 140
2016-09-02 11:05:46,189 INFO     5587-calvin.StandardOut: StandardOut<08506629-cd32-4457-891a-277f0b6c3099>: 141
2016-09-02 11:05:46,289 INFO     5587-calvin.StandardOut: StandardOut<08506629-cd32-4457-891a-277f0b6c3099>: 142
2016-09-02 11:05:46,389 INFO     5587-calvin.StandardOut: StandardOut<08506629-cd32-4457-891a-277f0b6c3099>: 143
2016-09-02 11:05:46,489 INFO     5587-calvin.StandardOut: StandardOut<08506629-cd32-4457-891a-277f0b6c3099>: 144
2016-09-02 11:05:46,589 INFO     5587-calvin.StandardOut: StandardOut<08506629-cd32-4457-891a-277f0b6c3099>: 145
2016-09-02 11:05:46,689 INFO     5587-calvin.StandardOut: StandardOut<08506629-cd32-4457-891a-277f0b6c3099>: 146
2016-09-02 11:05:46,790 INFO     5587-calvin.StandardOut: StandardOut<08506629-cd32-4457-891a-277f0b6c3099>: 147
2016-09-02 11:05:46,890 INFO     5587-calvin.StandardOut: StandardOut<08506629-cd32-4457-891a-277f0b6c3099>: 148
2016-09-02 11:05:46,990 INFO     5587-calvin.StandardOut: StandardOut<08506629-cd32-4457-891a-277f0b6c3099>: 149
2016-09-02 11:05:47,090 INFO     5587-calvin.StandardOut: StandardOut<08506629-cd32-4457-891a-277f0b6c3099>: 150
2016-09-02 11:05:47,191 INFO     5587-calvin.StandardOut: StandardOut<08506629-cd32-4457-891a-277f0b6c3099>: 151
2016-09-02 11:05:47,291 INFO     5587-calvin.StandardOut: StandardOut<08506629-cd32-4457-891a-277f0b6c3099>: 152
2016-09-02 11:05:47,391 INFO     5587-calvin.StandardOut: StandardOut<08506629-cd32-4457-891a-277f0b6c3099>: 153
2016-09-02 11:05:47,491 INFO     5587-calvin.StandardOut: StandardOut<08506629-cd32-4457-891a-277f0b6c3099>: 154
2016-09-02 11:05:47,591 INFO     5587-calvin.StandardOut: StandardOut<08506629-cd32-4457-891a-277f0b6c3099>: 155
2016-09-02 11:05:47,691 INFO     5587-calvin.StandardOut: StandardOut<08506629-cd32-4457-891a-277f0b6c3099>: 156
2016-09-02 11:05:47,792 INFO     5587-calvin.StandardOut: StandardOut<08506629-cd32-4457-891a-277f0b6c3099>: 157
2016-09-02 11:05:47,892 INFO     5587-calvin.StandardOut: StandardOut<08506629-cd32-4457-891a-277f0b6c3099>: 158
2016-09-02 11:05:47,992 INFO     5587-calvin.StandardOut: StandardOut<08506629-cd32-4457-891a-277f0b6c3099>: 159
2016-09-02 11:05:48,092 INFO     5587-calvin.StandardOut: StandardOut<08506629-cd32-4457-891a-277f0b6c3099>: 160
2016-09-02 11:05:48,192 INFO     5587-calvin.StandardOut: StandardOut<08506629-cd32-4457-891a-277f0b6c3099>: 161
2016-09-02 11:05:48,292 INFO     5587-calvin.StandardOut: StandardOut<08506629-cd32-4457-891a-277f0b6c3099>: 162
2016-09-02 11:05:48,393 INFO     5587-calvin.StandardOut: StandardOut<08506629-cd32-4457-891a-277f0b6c3099>: 163
2016-09-02 11:05:48,493 INFO     5587-calvin.StandardOut: StandardOut<08506629-cd32-4457-891a-277f0b6c3099>: 164
2016-09-02 11:05:48,593 INFO     5587-calvin.StandardOut: StandardOut<08506629-cd32-4457-891a-277f0b6c3099>: 165
2016-09-02 11:05:48,693 INFO     5587-calvin.StandardOut: StandardOut<08506629-cd32-4457-891a-277f0b6c3099>: 166
2016-09-02 11:05:48,793 INFO     5587-calvin.StandardOut: StandardOut<08506629-cd32-4457-891a-277f0b6c3099>: 167
2016-09-02 11:05:48,893 INFO     5587-calvin.StandardOut: StandardOut<08506629-cd32-4457-891a-277f0b6c3099>: 168
2016-09-02 11:05:48,994 INFO     5587-calvin.StandardOut: StandardOut<08506629-cd32-4457-891a-277f0b6c3099>: 169
2016-09-02 11:05:49,094 INFO     5587-calvin.StandardOut: StandardOut<08506629-cd32-4457-891a-277f0b6c3099>: 170
2016-09-02 11:05:49,194 INFO     5587-calvin.StandardOut: StandardOut<08506629-cd32-4457-891a-277f0b6c3099>: 171
2016-09-02 11:05:49,294 INFO     5587-calvin.StandardOut: StandardOut<08506629-cd32-4457-891a-277f0b6c3099>: 172
2016-09-02 11:05:49,394 INFO     5587-calvin.StandardOut: StandardOut<08506629-cd32-4457-891a-277f0b6c3099>: 173
2016-09-02 11:05:49,495 INFO     5587-calvin.StandardOut: StandardOut<08506629-cd32-4457-891a-277f0b6c3099>: 174
2016-09-02 11:05:49,595 INFO     5587-calvin.StandardOut: StandardOut<08506629-cd32-4457-891a-277f0b6c3099>: 175
2016-09-02 11:05:49,695 INFO     5587-calvin.StandardOut: StandardOut<08506629-cd32-4457-891a-277f0b6c3099>: 176
2016-09-02 11:05:49,796 INFO     5587-calvin.StandardOut: StandardOut<08506629-cd32-4457-891a-277f0b6c3099>: 177
2016-09-02 11:05:49,896 INFO     5587-calvin.StandardOut: StandardOut<08506629-cd32-4457-891a-277f0b6c3099>: 178
2016-09-02 11:05:49,996 INFO     5587-calvin.StandardOut: StandardOut<08506629-cd32-4457-891a-277f0b6c3099>: 179
2016-09-02 11:05:50,096 INFO     5587-calvin.StandardOut: StandardOut<08506629-cd32-4457-891a-277f0b6c3099>: 180
2016-09-02 11:05:50,197 INFO     5587-calvin.StandardOut: StandardOut<08506629-cd32-4457-891a-277f0b6c3099>: 181
2016-09-02 11:05:50,297 INFO     5587-calvin.StandardOut: StandardOut<08506629-cd32-4457-891a-277f0b6c3099>: 182
2016-09-02 11:05:50,397 INFO     5587-calvin.StandardOut: StandardOut<08506629-cd32-4457-891a-277f0b6c3099>: 183
2016-09-02 11:05:50,497 INFO     5587-calvin.StandardOut: StandardOut<08506629-cd32-4457-891a-277f0b6c3099>: 184
2016-09-02 11:05:50,597 INFO     5587-calvin.StandardOut: StandardOut<08506629-cd32-4457-891a-277f0b6c3099>: 185
2016-09-02 11:05:50,697 INFO     5587-calvin.StandardOut: StandardOut<08506629-cd32-4457-891a-277f0b6c3099>: 186
2016-09-02 11:05:50,797 INFO     5587-calvin.StandardOut: StandardOut<08506629-cd32-4457-891a-277f0b6c3099>: 187
2016-09-02 11:05:50,898 INFO     5587-calvin.StandardOut: StandardOut<08506629-cd32-4457-891a-277f0b6c3099>: 188
2016-09-02 11:05:50,998 INFO     5587-calvin.StandardOut: StandardOut<08506629-cd32-4457-891a-277f0b6c3099>: 189
2016-09-02 11:05:51,098 INFO     5587-calvin.StandardOut: StandardOut<08506629-cd32-4457-891a-277f0b6c3099>: 190
2016-09-02 11:05:51,199 INFO     5587-calvin.StandardOut: StandardOut<08506629-cd32-4457-891a-277f0b6c3099>: 191
2016-09-02 11:05:51,299 INFO     5587-calvin.StandardOut: StandardOut<08506629-cd32-4457-891a-277f0b6c3099>: 192
2016-09-02 11:05:51,399 INFO     5587-calvin.StandardOut: StandardOut<08506629-cd32-4457-891a-277f0b6c3099>: 193
2016-09-02 11:05:51,499 INFO     5587-calvin.StandardOut: StandardOut<08506629-cd32-4457-891a-277f0b6c3099>: 194
2016-09-02 11:05:51,599 INFO     5587-calvin.StandardOut: StandardOut<08506629-cd32-4457-891a-277f0b6c3099>: 195
2016-09-02 11:05:51,700 INFO     5587-calvin.StandardOut: StandardOut<08506629-cd32-4457-891a-277f0b6c3099>: 196
2016-09-02 11:05:51,800 INFO     5587-calvin.StandardOut: StandardOut<08506629-cd32-4457-891a-277f0b6c3099>: 197
2016-09-02 11:05:51,900 INFO     5587-calvin.StandardOut: StandardOut<08506629-cd32-4457-891a-277f0b6c3099>: 198
2016-09-02 11:05:52,000 INFO     5587-calvin.StandardOut: StandardOut<08506629-cd32-4457-891a-277f0b6c3099>: 199
2016-09-02 11:05:52,101 INFO     5587-calvin.StandardOut: StandardOut<08506629-cd32-4457-891a-277f0b6c3099>: 200
2016-09-02 11:05:52,201 INFO     5587-calvin.StandardOut: StandardOut<08506629-cd32-4457-891a-277f0b6c3099>: 201
2016-09-02 11:05:52,301 INFO     5587-calvin.StandardOut: StandardOut<08506629-cd32-4457-891a-277f0b6c3099>: 202
2016-09-02 11:05:52,401 INFO     5587-calvin.StandardOut: StandardOut<08506629-cd32-4457-891a-277f0b6c3099>: 203
2016-09-02 11:05:52,502 INFO     5587-calvin.StandardOut: StandardOut<08506629-cd32-4457-891a-277f0b6c3099>: 204
2016-09-02 11:05:52,602 INFO     5587-calvin.StandardOut: StandardOut<08506629-cd32-4457-891a-277f0b6c3099>: 205
2016-09-02 11:05:52,702 INFO     5587-calvin.StandardOut: StandardOut<08506629-cd32-4457-891a-277f0b6c3099>: 206
2016-09-02 11:05:52,802 INFO     5587-calvin.StandardOut: StandardOut<08506629-cd32-4457-891a-277f0b6c3099>: 207
2016-09-02 11:05:52,903 INFO     5587-calvin.StandardOut: StandardOut<08506629-cd32-4457-891a-277f0b6c3099>: 208
2016-09-02 11:05:53,003 INFO     5587-calvin.StandardOut: StandardOut<08506629-cd32-4457-891a-277f0b6c3099>: 209
2016-09-02 11:05:53,103 INFO     5587-calvin.StandardOut: StandardOut<08506629-cd32-4457-891a-277f0b6c3099>: 210
2016-09-02 11:05:53,203 INFO     5587-calvin.StandardOut: StandardOut<08506629-cd32-4457-891a-277f0b6c3099>: 211
2016-09-02 11:05:53,303 INFO     5587-calvin.StandardOut: StandardOut<08506629-cd32-4457-891a-277f0b6c3099>: 212
2016-09-02 11:05:53,403 INFO     5587-calvin.StandardOut: StandardOut<08506629-cd32-4457-891a-277f0b6c3099>: 213
2016-09-02 11:05:53,504 INFO     5587-calvin.StandardOut: StandardOut<08506629-cd32-4457-891a-277f0b6c3099>: 214
2016-09-02 11:05:53,604 INFO     5587-calvin.StandardOut: StandardOut<08506629-cd32-4457-891a-277f0b6c3099>: 215
2016-09-02 11:05:53,704 INFO     5587-calvin.StandardOut: StandardOut<08506629-cd32-4457-891a-277f0b6c3099>: 216
2016-09-02 11:05:53,804 INFO     5587-calvin.StandardOut: StandardOut<08506629-cd32-4457-891a-277f0b6c3099>: 217
2016-09-02 11:05:53,904 INFO     5587-calvin.StandardOut: StandardOut<08506629-cd32-4457-891a-277f0b6c3099>: 218
2016-09-02 11:05:54,005 INFO     5587-calvin.StandardOut: StandardOut<08506629-cd32-4457-891a-277f0b6c3099>: 219
2016-09-02 11:05:54,105 INFO     5587-calvin.StandardOut: StandardOut<08506629-cd32-4457-891a-277f0b6c3099>: 220
2016-09-02 11:05:54,205 INFO     5587-calvin.StandardOut: StandardOut<08506629-cd32-4457-891a-277f0b6c3099>: 221
2016-09-02 11:05:54,305 INFO     5587-calvin.StandardOut: StandardOut<08506629-cd32-4457-891a-277f0b6c3099>: 222
2016-09-02 11:05:54,406 INFO     5587-calvin.StandardOut: StandardOut<08506629-cd32-4457-891a-277f0b6c3099>: 223
2016-09-02 11:05:54,506 INFO     5587-calvin.StandardOut: StandardOut<08506629-cd32-4457-891a-277f0b6c3099>: 224
2016-09-02 11:05:54,606 INFO     5587-calvin.StandardOut: StandardOut<08506629-cd32-4457-891a-277f0b6c3099>: 225
2016-09-02 11:05:54,706 INFO     5587-calvin.StandardOut: StandardOut<08506629-cd32-4457-891a-277f0b6c3099>: 226
2016-09-02 11:05:54,806 INFO     5587-calvin.StandardOut: StandardOut<08506629-cd32-4457-891a-277f0b6c3099>: 227
2016-09-02 11:05:54,907 INFO     5587-calvin.StandardOut: StandardOut<08506629-cd32-4457-891a-277f0b6c3099>: 228
2016-09-02 11:05:55,007 INFO     5587-calvin.StandardOut: StandardOut<08506629-cd32-4457-891a-277f0b6c3099>: 229
2016-09-02 11:05:55,107 INFO     5587-calvin.StandardOut: StandardOut<08506629-cd32-4457-891a-277f0b6c3099>: 230
2016-09-02 11:05:55,207 INFO     5587-calvin.StandardOut: StandardOut<08506629-cd32-4457-891a-277f0b6c3099>: 231
2016-09-02 11:05:55,307 INFO     5587-calvin.StandardOut: StandardOut<08506629-cd32-4457-891a-277f0b6c3099>: 232
2016-09-02 11:05:55,407 INFO     5587-calvin.StandardOut: StandardOut<08506629-cd32-4457-891a-277f0b6c3099>: 233
2016-09-02 11:05:55,508 INFO     5587-calvin.StandardOut: StandardOut<08506629-cd32-4457-891a-277f0b6c3099>: 234
2016-09-02 11:05:55,608 INFO     5587-calvin.StandardOut: StandardOut<08506629-cd32-4457-891a-277f0b6c3099>: 235
2016-09-02 11:05:55,708 INFO     5587-calvin.StandardOut: StandardOut<08506629-cd32-4457-891a-277f0b6c3099>: 236
2016-09-02 11:05:55,808 INFO     5587-calvin.StandardOut: StandardOut<08506629-cd32-4457-891a-277f0b6c3099>: 237
2016-09-02 11:05:55,908 INFO     5587-calvin.StandardOut: StandardOut<08506629-cd32-4457-891a-277f0b6c3099>: 238
2016-09-02 11:05:56,008 INFO     5587-calvin.StandardOut: StandardOut<08506629-cd32-4457-891a-277f0b6c3099>: 239
2016-09-02 11:05:56,109 INFO     5587-calvin.StandardOut: StandardOut<08506629-cd32-4457-891a-277f0b6c3099>: 240
2016-09-02 11:05:56,209 INFO     5587-calvin.StandardOut: StandardOut<08506629-cd32-4457-891a-277f0b6c3099>: 241
2016-09-02 11:05:56,309 INFO     5587-calvin.StandardOut: StandardOut<08506629-cd32-4457-891a-277f0b6c3099>: 242
2016-09-02 11:05:56,409 INFO     5587-calvin.StandardOut: StandardOut<08506629-cd32-4457-891a-277f0b6c3099>: 243
2016-09-02 11:05:56,509 INFO     5587-calvin.StandardOut: StandardOut<08506629-cd32-4457-891a-277f0b6c3099>: 244
2016-09-02 11:05:56,610 INFO     5587-calvin.StandardOut: StandardOut<08506629-cd32-4457-891a-277f0b6c3099>: 245
2016-09-02 11:05:56,710 INFO     5587-calvin.StandardOut: StandardOut<08506629-cd32-4457-891a-277f0b6c3099>: 246
2016-09-02 11:05:56,810 INFO     5587-calvin.StandardOut: StandardOut<08506629-cd32-4457-891a-277f0b6c3099>: 247
2016-09-02 11:05:56,910 INFO     5587-calvin.StandardOut: StandardOut<08506629-cd32-4457-891a-277f0b6c3099>: 248
2016-09-02 11:05:57,010 INFO     5587-calvin.StandardOut: StandardOut<08506629-cd32-4457-891a-277f0b6c3099>: 249
2016-09-02 11:05:57,111 INFO     5587-calvin.StandardOut: StandardOut<08506629-cd32-4457-891a-277f0b6c3099>: 250
2016-09-02 11:05:57,211 INFO     5587-calvin.StandardOut: StandardOut<08506629-cd32-4457-891a-277f0b6c3099>: 251
2016-09-02 11:05:57,311 INFO     5587-calvin.StandardOut: StandardOut<08506629-cd32-4457-891a-277f0b6c3099>: 252
2016-09-02 11:05:57,411 INFO     5587-calvin.StandardOut: StandardOut<08506629-cd32-4457-891a-277f0b6c3099>: 253
2016-09-02 11:05:57,512 INFO     5587-calvin.StandardOut: StandardOut<08506629-cd32-4457-891a-277f0b6c3099>: 254
2016-09-02 11:05:57,612 INFO     5587-calvin.StandardOut: StandardOut<08506629-cd32-4457-891a-277f0b6c3099>: 255
2016-09-02 11:05:57,712 INFO     5587-calvin.StandardOut: StandardOut<08506629-cd32-4457-891a-277f0b6c3099>: 256
2016-09-02 11:05:57,812 INFO     5587-calvin.StandardOut: StandardOut<08506629-cd32-4457-891a-277f0b6c3099>: 257
2016-09-02 11:05:57,915 INFO     5587-calvin.StandardOut: StandardOut<08506629-cd32-4457-891a-277f0b6c3099>: 258
2016-09-02 11:05:58,014 INFO     5587-calvin.StandardOut: StandardOut<08506629-cd32-4457-891a-277f0b6c3099>: 259
2016-09-02 11:05:58,114 INFO     5587-calvin.StandardOut: StandardOut<08506629-cd32-4457-891a-277f0b6c3099>: 260
2016-09-02 11:05:58,214 INFO     5587-calvin.StandardOut: StandardOut<08506629-cd32-4457-891a-277f0b6c3099>: 261
2016-09-02 11:05:58,314 INFO     5587-calvin.StandardOut: StandardOut<08506629-cd32-4457-891a-277f0b6c3099>: 262
2016-09-02 11:05:58,415 INFO     5587-calvin.StandardOut: StandardOut<08506629-cd32-4457-891a-277f0b6c3099>: 263
2016-09-02 11:05:58,515 INFO     5587-calvin.StandardOut: StandardOut<08506629-cd32-4457-891a-277f0b6c3099>: 264
2016-09-02 11:05:58,615 INFO     5587-calvin.StandardOut: StandardOut<08506629-cd32-4457-891a-277f0b6c3099>: 265
2016-09-02 11:05:58,715 INFO     5587-calvin.StandardOut: StandardOut<08506629-cd32-4457-891a-277f0b6c3099>: 266
2016-09-02 11:05:58,815 INFO     5587-calvin.StandardOut: StandardOut<08506629-cd32-4457-891a-277f0b6c3099>: 267
2016-09-02 11:05:58,916 INFO     5587-calvin.StandardOut: StandardOut<08506629-cd32-4457-891a-277f0b6c3099>: 268
2016-09-02 11:05:59,016 INFO     5587-calvin.StandardOut: StandardOut<08506629-cd32-4457-891a-277f0b6c3099>: 269
2016-09-02 11:05:59,116 INFO     5587-calvin.StandardOut: StandardOut<08506629-cd32-4457-891a-277f0b6c3099>: 270
2016-09-02 11:05:59,216 INFO     5587-calvin.StandardOut: StandardOut<08506629-cd32-4457-891a-277f0b6c3099>: 271
2016-09-02 11:05:59,316 INFO     5587-calvin.StandardOut: StandardOut<08506629-cd32-4457-891a-277f0b6c3099>: 272
2016-09-02 11:05:59,416 INFO     5587-calvin.StandardOut: StandardOut<08506629-cd32-4457-891a-277f0b6c3099>: 273
2016-09-02 11:05:59,517 INFO     5587-calvin.StandardOut: StandardOut<08506629-cd32-4457-891a-277f0b6c3099>: 274
2016-09-02 11:05:59,617 INFO     5587-calvin.StandardOut: StandardOut<08506629-cd32-4457-891a-277f0b6c3099>: 275
2016-09-02 11:05:59,717 INFO     5587-calvin.StandardOut: StandardOut<08506629-cd32-4457-891a-277f0b6c3099>: 276
2016-09-02 11:05:59,817 INFO     5587-calvin.StandardOut: StandardOut<08506629-cd32-4457-891a-277f0b6c3099>: 277
2016-09-02 11:05:59,917 INFO     5587-calvin.StandardOut: StandardOut<08506629-cd32-4457-891a-277f0b6c3099>: 278
2016-09-02 11:06:00,018 INFO     5587-calvin.StandardOut: StandardOut<08506629-cd32-4457-891a-277f0b6c3099>: 279
2016-09-02 11:06:00,118 INFO     5587-calvin.StandardOut: StandardOut<08506629-cd32-4457-891a-277f0b6c3099>: 280
2016-09-02 11:06:00,218 INFO     5587-calvin.StandardOut: StandardOut<08506629-cd32-4457-891a-277f0b6c3099>: 281
2016-09-02 11:06:00,318 INFO     5587-calvin.StandardOut: StandardOut<08506629-cd32-4457-891a-277f0b6c3099>: 282
2016-09-02 11:06:00,418 INFO     5587-calvin.StandardOut: StandardOut<08506629-cd32-4457-891a-277f0b6c3099>: 283
2016-09-02 11:06:00,519 INFO     5587-calvin.StandardOut: StandardOut<08506629-cd32-4457-891a-277f0b6c3099>: 284
2016-09-02 11:06:00,619 INFO     5587-calvin.StandardOut: StandardOut<08506629-cd32-4457-891a-277f0b6c3099>: 285
2016-09-02 11:06:00,719 INFO     5587-calvin.StandardOut: StandardOut<08506629-cd32-4457-891a-277f0b6c3099>: 286
2016-09-02 11:06:00,819 INFO     5587-calvin.StandardOut: StandardOut<08506629-cd32-4457-891a-277f0b6c3099>: 287
2016-09-02 11:06:00,919 INFO     5587-calvin.StandardOut: StandardOut<08506629-cd32-4457-891a-277f0b6c3099>: 288
2016-09-02 11:06:01,019 INFO     5587-calvin.StandardOut: StandardOut<08506629-cd32-4457-891a-277f0b6c3099>: 289
2016-09-02 11:06:01,120 INFO     5587-calvin.StandardOut: StandardOut<08506629-cd32-4457-891a-277f0b6c3099>: 290
2016-09-02 11:06:01,220 INFO     5587-calvin.StandardOut: StandardOut<08506629-cd32-4457-891a-277f0b6c3099>: 291
2016-09-02 11:06:01,320 INFO     5587-calvin.StandardOut: StandardOut<08506629-cd32-4457-891a-277f0b6c3099>: 292
2016-09-02 11:06:01,420 INFO     5587-calvin.StandardOut: StandardOut<08506629-cd32-4457-891a-277f0b6c3099>: 293
2016-09-02 11:06:01,520 INFO     5587-calvin.StandardOut: StandardOut<08506629-cd32-4457-891a-277f0b6c3099>: 294
2016-09-02 11:06:01,621 INFO     5587-calvin.StandardOut: StandardOut<08506629-cd32-4457-891a-277f0b6c3099>: 295
2016-09-02 11:06:01,721 INFO     5587-calvin.StandardOut: StandardOut<08506629-cd32-4457-891a-277f0b6c3099>: 296
2016-09-02 11:06:01,821 INFO     5587-calvin.StandardOut: StandardOut<08506629-cd32-4457-891a-277f0b6c3099>: 297
2016-09-02 11:06:01,921 INFO     5587-calvin.StandardOut: StandardOut<08506629-cd32-4457-891a-277f0b6c3099>: 298
2016-09-02 11:06:02,022 INFO     5587-calvin.StandardOut: StandardOut<08506629-cd32-4457-891a-277f0b6c3099>: 299
2016-09-02 11:06:02,122 INFO     5587-calvin.StandardOut: StandardOut<08506629-cd32-4457-891a-277f0b6c3099>: 300
2016-09-02 11:06:02,222 INFO     5587-calvin.StandardOut: StandardOut<08506629-cd32-4457-891a-277f0b6c3099>: 301
2016-09-02 11:06:02,322 INFO     5587-calvin.StandardOut: StandardOut<08506629-cd32-4457-891a-277f0b6c3099>: 302
2016-09-02 11:06:02,423 INFO     5587-calvin.StandardOut: StandardOut<08506629-cd32-4457-891a-277f0b6c3099>: 303
2016-09-02 11:06:02,523 INFO     5587-calvin.StandardOut: StandardOut<08506629-cd32-4457-891a-277f0b6c3099>: 304
2016-09-02 11:06:02,623 INFO     5587-calvin.StandardOut: StandardOut<08506629-cd32-4457-891a-277f0b6c3099>: 305
2016-09-02 11:06:02,723 INFO     5587-calvin.StandardOut: StandardOut<08506629-cd32-4457-891a-277f0b6c3099>: 306
2016-09-02 11:06:02,823 INFO     5587-calvin.StandardOut: StandardOut<08506629-cd32-4457-891a-277f0b6c3099>: 307
2016-09-02 11:06:02,926 INFO     5587-calvin.StandardOut: StandardOut<08506629-cd32-4457-891a-277f0b6c3099>: 308
2016-09-02 11:06:03,024 INFO     5587-calvin.StandardOut: StandardOut<08506629-cd32-4457-891a-277f0b6c3099>: 309
2016-09-02 11:06:03,124 INFO     5587-calvin.StandardOut: StandardOut<08506629-cd32-4457-891a-277f0b6c3099>: 310
2016-09-02 11:06:03,224 INFO     5587-calvin.StandardOut: StandardOut<08506629-cd32-4457-891a-277f0b6c3099>: 311
2016-09-02 11:06:03,324 INFO     5587-calvin.StandardOut: StandardOut<08506629-cd32-4457-891a-277f0b6c3099>: 312
2016-09-02 11:06:03,425 INFO     5587-calvin.StandardOut: StandardOut<08506629-cd32-4457-891a-277f0b6c3099>: 313
2016-09-02 11:06:03,525 INFO     5587-calvin.StandardOut: StandardOut<08506629-cd32-4457-891a-277f0b6c3099>: 314
2016-09-02 11:06:03,625 INFO     5587-calvin.StandardOut: StandardOut<08506629-cd32-4457-891a-277f0b6c3099>: 315
2016-09-02 11:06:03,725 INFO     5587-calvin.StandardOut: StandardOut<08506629-cd32-4457-891a-277f0b6c3099>: 316
2016-09-02 11:06:03,826 INFO     5587-calvin.StandardOut: StandardOut<08506629-cd32-4457-891a-277f0b6c3099>: 317
2016-09-02 11:06:03,926 INFO     5587-calvin.StandardOut: StandardOut<08506629-cd32-4457-891a-277f0b6c3099>: 318
2016-09-02 11:06:04,027 INFO     5587-calvin.StandardOut: StandardOut<08506629-cd32-4457-891a-277f0b6c3099>: 319
2016-09-02 11:06:04,126 INFO     5587-calvin.StandardOut: StandardOut<08506629-cd32-4457-891a-277f0b6c3099>: 320
2016-09-02 11:06:04,226 INFO     5587-calvin.StandardOut: StandardOut<08506629-cd32-4457-891a-277f0b6c3099>: 321
2016-09-02 11:06:04,327 INFO     5587-calvin.StandardOut: StandardOut<08506629-cd32-4457-891a-277f0b6c3099>: 322
2016-09-02 11:06:04,427 INFO     5587-calvin.StandardOut: StandardOut<08506629-cd32-4457-891a-277f0b6c3099>: 323
2016-09-02 11:06:04,527 INFO     5587-calvin.StandardOut: StandardOut<08506629-cd32-4457-891a-277f0b6c3099>: 324
2016-09-02 11:06:04,628 INFO     5587-calvin.StandardOut: StandardOut<08506629-cd32-4457-891a-277f0b6c3099>: 325
2016-09-02 11:06:04,728 INFO     5587-calvin.StandardOut: StandardOut<08506629-cd32-4457-891a-277f0b6c3099>: 326
2016-09-02 11:06:04,828 INFO     5587-calvin.StandardOut: StandardOut<08506629-cd32-4457-891a-277f0b6c3099>: 327
2016-09-02 11:06:04,928 INFO     5587-calvin.StandardOut: StandardOut<08506629-cd32-4457-891a-277f0b6c3099>: 328
2016-09-02 11:06:05,028 INFO     5587-calvin.StandardOut: StandardOut<08506629-cd32-4457-891a-277f0b6c3099>: 329
2016-09-02 11:06:05,128 INFO     5587-calvin.StandardOut: StandardOut<08506629-cd32-4457-891a-277f0b6c3099>: 330
2016-09-02 11:06:05,229 INFO     5587-calvin.StandardOut: StandardOut<08506629-cd32-4457-891a-277f0b6c3099>: 331
2016-09-02 11:06:05,329 INFO     5587-calvin.StandardOut: StandardOut<08506629-cd32-4457-891a-277f0b6c3099>: 332
2016-09-02 11:06:05,429 INFO     5587-calvin.StandardOut: StandardOut<08506629-cd32-4457-891a-277f0b6c3099>: 333
2016-09-02 11:06:05,529 INFO     5587-calvin.StandardOut: StandardOut<08506629-cd32-4457-891a-277f0b6c3099>: 334
2016-09-02 11:06:05,629 INFO     5587-calvin.StandardOut: StandardOut<08506629-cd32-4457-891a-277f0b6c3099>: 335
2016-09-02 11:06:05,729 INFO     5587-calvin.StandardOut: StandardOut<08506629-cd32-4457-891a-277f0b6c3099>: 336
2016-09-02 11:06:05,830 INFO     5587-calvin.StandardOut: StandardOut<08506629-cd32-4457-891a-277f0b6c3099>: 337
2016-09-02 11:06:05,930 INFO     5587-calvin.StandardOut: StandardOut<08506629-cd32-4457-891a-277f0b6c3099>: 338
2016-09-02 11:06:06,030 INFO     5587-calvin.StandardOut: StandardOut<08506629-cd32-4457-891a-277f0b6c3099>: 339
2016-09-02 11:06:06,130 INFO     5587-calvin.StandardOut: StandardOut<08506629-cd32-4457-891a-277f0b6c3099>: 340
2016-09-02 11:06:06,230 INFO     5587-calvin.StandardOut: StandardOut<08506629-cd32-4457-891a-277f0b6c3099>: 341
2016-09-02 11:06:06,331 INFO     5587-calvin.StandardOut: StandardOut<08506629-cd32-4457-891a-277f0b6c3099>: 342
2016-09-02 11:06:06,431 INFO     5587-calvin.StandardOut: StandardOut<08506629-cd32-4457-891a-277f0b6c3099>: 343
2016-09-02 11:06:06,531 INFO     5587-calvin.StandardOut: StandardOut<08506629-cd32-4457-891a-277f0b6c3099>: 344
2016-09-02 11:06:06,632 INFO     5587-calvin.StandardOut: StandardOut<08506629-cd32-4457-891a-277f0b6c3099>: 345
2016-09-02 11:06:06,732 INFO     5587-calvin.StandardOut: StandardOut<08506629-cd32-4457-891a-277f0b6c3099>: 346
2016-09-02 11:06:06,832 INFO     5587-calvin.StandardOut: StandardOut<08506629-cd32-4457-891a-277f0b6c3099>: 347
2016-09-02 11:06:06,932 INFO     5587-calvin.StandardOut: StandardOut<08506629-cd32-4457-891a-277f0b6c3099>: 348
2016-09-02 11:06:07,032 INFO     5587-calvin.StandardOut: StandardOut<08506629-cd32-4457-891a-277f0b6c3099>: 349
2016-09-02 11:06:07,133 INFO     5587-calvin.StandardOut: StandardOut<08506629-cd32-4457-891a-277f0b6c3099>: 350
2016-09-02 11:06:07,233 INFO     5587-calvin.StandardOut: StandardOut<08506629-cd32-4457-891a-277f0b6c3099>: 351
2016-09-02 11:06:07,333 INFO     5587-calvin.StandardOut: StandardOut<08506629-cd32-4457-891a-277f0b6c3099>: 352
2016-09-02 11:06:07,434 INFO     5587-calvin.StandardOut: StandardOut<08506629-cd32-4457-891a-277f0b6c3099>: 353
2016-09-02 11:06:07,534 INFO     5587-calvin.StandardOut: StandardOut<08506629-cd32-4457-891a-277f0b6c3099>: 354
2016-09-02 11:06:07,634 INFO     5587-calvin.StandardOut: StandardOut<08506629-cd32-4457-891a-277f0b6c3099>: 355
2016-09-02 11:06:07,734 INFO     5587-calvin.StandardOut: StandardOut<08506629-cd32-4457-891a-277f0b6c3099>: 356
2016-09-02 11:06:07,835 INFO     5587-calvin.StandardOut: StandardOut<08506629-cd32-4457-891a-277f0b6c3099>: 357
2016-09-02 11:06:07,935 INFO     5587-calvin.StandardOut: StandardOut<08506629-cd32-4457-891a-277f0b6c3099>: 358
2016-09-02 11:06:08,035 INFO     5587-calvin.StandardOut: StandardOut<08506629-cd32-4457-891a-277f0b6c3099>: 359
2016-09-02 11:06:08,136 INFO     5587-calvin.StandardOut: StandardOut<08506629-cd32-4457-891a-277f0b6c3099>: 360
2016-09-02 11:06:08,236 INFO     5587-calvin.StandardOut: StandardOut<08506629-cd32-4457-891a-277f0b6c3099>: 361
2016-09-02 11:06:08,336 INFO     5587-calvin.StandardOut: StandardOut<08506629-cd32-4457-891a-277f0b6c3099>: 362
2016-09-02 11:06:08,436 INFO     5587-calvin.StandardOut: StandardOut<08506629-cd32-4457-891a-277f0b6c3099>: 363
2016-09-02 11:06:08,536 INFO     5587-calvin.StandardOut: StandardOut<08506629-cd32-4457-891a-277f0b6c3099>: 364
2016-09-02 11:06:08,637 INFO     5587-calvin.StandardOut: StandardOut<08506629-cd32-4457-891a-277f0b6c3099>: 365
2016-09-02 11:06:08,737 INFO     5587-calvin.StandardOut: StandardOut<08506629-cd32-4457-891a-277f0b6c3099>: 366
2016-09-02 11:06:08,837 INFO     5587-calvin.StandardOut: StandardOut<08506629-cd32-4457-891a-277f0b6c3099>: 367
2016-09-02 11:06:08,937 INFO     5587-calvin.StandardOut: StandardOut<08506629-cd32-4457-891a-277f0b6c3099>: 368
2016-09-02 11:06:09,037 INFO     5587-calvin.StandardOut: StandardOut<08506629-cd32-4457-891a-277f0b6c3099>: 369
2016-09-02 11:06:09,137 INFO     5587-calvin.StandardOut: StandardOut<08506629-cd32-4457-891a-277f0b6c3099>: 370
2016-09-02 11:06:09,238 INFO     5587-calvin.StandardOut: StandardOut<08506629-cd32-4457-891a-277f0b6c3099>: 371
2016-09-02 11:06:09,338 INFO     5587-calvin.StandardOut: StandardOut<08506629-cd32-4457-891a-277f0b6c3099>: 372
2016-09-02 11:06:09,438 INFO     5587-calvin.StandardOut: StandardOut<08506629-cd32-4457-891a-277f0b6c3099>: 373
2016-09-02 11:06:09,538 INFO     5587-calvin.StandardOut: StandardOut<08506629-cd32-4457-891a-277f0b6c3099>: 374
2016-09-02 11:06:09,638 INFO     5587-calvin.StandardOut: StandardOut<08506629-cd32-4457-891a-277f0b6c3099>: 375
2016-09-02 11:06:09,738 INFO     5587-calvin.StandardOut: StandardOut<08506629-cd32-4457-891a-277f0b6c3099>: 376
2016-09-02 11:06:09,839 INFO     5587-calvin.StandardOut: StandardOut<08506629-cd32-4457-891a-277f0b6c3099>: 377
2016-09-02 11:06:09,939 INFO     5587-calvin.StandardOut: StandardOut<08506629-cd32-4457-891a-277f0b6c3099>: 378
2016-09-02 11:06:10,039 INFO     5587-calvin.StandardOut: StandardOut<08506629-cd32-4457-891a-277f0b6c3099>: 379
2016-09-02 11:06:10,139 INFO     5587-calvin.StandardOut: StandardOut<08506629-cd32-4457-891a-277f0b6c3099>: 380
2016-09-02 11:06:10,239 INFO     5587-calvin.StandardOut: StandardOut<08506629-cd32-4457-891a-277f0b6c3099>: 381
2016-09-02 11:06:10,340 INFO     5587-calvin.StandardOut: StandardOut<08506629-cd32-4457-891a-277f0b6c3099>: 382
2016-09-02 11:06:10,440 INFO     5587-calvin.StandardOut: StandardOut<08506629-cd32-4457-891a-277f0b6c3099>: 383
2016-09-02 11:06:10,540 INFO     5587-calvin.StandardOut: StandardOut<08506629-cd32-4457-891a-277f0b6c3099>: 384
2016-09-02 11:06:10,640 INFO     5587-calvin.StandardOut: StandardOut<08506629-cd32-4457-891a-277f0b6c3099>: 385
2016-09-02 11:06:10,741 INFO     5587-calvin.StandardOut: StandardOut<08506629-cd32-4457-891a-277f0b6c3099>: 386
2016-09-02 11:06:10,841 INFO     5587-calvin.StandardOut: StandardOut<08506629-cd32-4457-891a-277f0b6c3099>: 387
2016-09-02 11:06:10,941 INFO     5587-calvin.StandardOut: StandardOut<08506629-cd32-4457-891a-277f0b6c3099>: 388
2016-09-02 11:06:11,041 INFO     5587-calvin.StandardOut: StandardOut<08506629-cd32-4457-891a-277f0b6c3099>: 389
2016-09-02 11:06:11,142 INFO     5587-calvin.StandardOut: StandardOut<08506629-cd32-4457-891a-277f0b6c3099>: 390
2016-09-02 11:06:11,242 INFO     5587-calvin.StandardOut: StandardOut<08506629-cd32-4457-891a-277f0b6c3099>: 391
2016-09-02 11:06:11,342 INFO     5587-calvin.StandardOut: StandardOut<08506629-cd32-4457-891a-277f0b6c3099>: 392
2016-09-02 11:06:11,442 INFO     5587-calvin.StandardOut: StandardOut<08506629-cd32-4457-891a-277f0b6c3099>: 393
2016-09-02 11:06:11,543 INFO     5587-calvin.StandardOut: StandardOut<08506629-cd32-4457-891a-277f0b6c3099>: 394
2016-09-02 11:06:11,643 INFO     5587-calvin.StandardOut: StandardOut<08506629-cd32-4457-891a-277f0b6c3099>: 395
2016-09-02 11:06:11,743 INFO     5587-calvin.StandardOut: StandardOut<08506629-cd32-4457-891a-277f0b6c3099>: 396
2016-09-02 11:06:11,843 INFO     5587-calvin.StandardOut: StandardOut<08506629-cd32-4457-891a-277f0b6c3099>: 397
2016-09-02 11:06:11,944 INFO     5587-calvin.StandardOut: StandardOut<08506629-cd32-4457-891a-277f0b6c3099>: 398
2016-09-02 11:06:12,044 INFO     5587-calvin.StandardOut: StandardOut<08506629-cd32-4457-891a-277f0b6c3099>: 399
2016-09-02 11:06:12,144 INFO     5587-calvin.StandardOut: StandardOut<08506629-cd32-4457-891a-277f0b6c3099>: 400
2016-09-02 11:06:12,245 INFO     5587-calvin.StandardOut: StandardOut<08506629-cd32-4457-891a-277f0b6c3099>: 401
2016-09-02 11:06:12,345 INFO     5587-calvin.StandardOut: StandardOut<08506629-cd32-4457-891a-277f0b6c3099>: 402
2016-09-02 11:06:12,445 INFO     5587-calvin.StandardOut: StandardOut<08506629-cd32-4457-891a-277f0b6c3099>: 403
2016-09-02 11:06:12,545 INFO     5587-calvin.StandardOut: StandardOut<08506629-cd32-4457-891a-277f0b6c3099>: 404
2016-09-02 11:06:12,645 INFO     5587-calvin.StandardOut: StandardOut<08506629-cd32-4457-891a-277f0b6c3099>: 405
2016-09-02 11:06:12,746 INFO     5587-calvin.StandardOut: StandardOut<08506629-cd32-4457-891a-277f0b6c3099>: 406
2016-09-02 11:06:12,846 INFO     5587-calvin.StandardOut: StandardOut<08506629-cd32-4457-891a-277f0b6c3099>: 407
2016-09-02 11:06:12,946 INFO     5587-calvin.StandardOut: StandardOut<08506629-cd32-4457-891a-277f0b6c3099>: 408
2016-09-02 11:06:13,046 INFO     5587-calvin.StandardOut: StandardOut<08506629-cd32-4457-891a-277f0b6c3099>: 409
2016-09-02 11:06:13,147 INFO     5587-calvin.StandardOut: StandardOut<08506629-cd32-4457-891a-277f0b6c3099>: 410
2016-09-02 11:06:13,247 INFO     5587-calvin.StandardOut: StandardOut<08506629-cd32-4457-891a-277f0b6c3099>: 411
2016-09-02 11:06:13,347 INFO     5587-calvin.StandardOut: StandardOut<08506629-cd32-4457-891a-277f0b6c3099>: 412
2016-09-02 11:06:13,447 INFO     5587-calvin.StandardOut: StandardOut<08506629-cd32-4457-891a-277f0b6c3099>: 413
2016-09-02 11:06:13,547 INFO     5587-calvin.StandardOut: StandardOut<08506629-cd32-4457-891a-277f0b6c3099>: 414
2016-09-02 11:06:13,648 INFO     5587-calvin.StandardOut: StandardOut<08506629-cd32-4457-891a-277f0b6c3099>: 415
2016-09-02 11:06:13,748 INFO     5587-calvin.StandardOut: StandardOut<08506629-cd32-4457-891a-277f0b6c3099>: 416
2016-09-02 11:06:13,788 INFO     5587-calvin.calvin.runtime.north.calvin_node: Quitting node "['calvinip://192.168.1.141:5000']"
